OpenEdXMobile/build/outputs/logs/manifest-merger-prod-debug-report.txt
-- Merging decision tree log ---
application
INJECTED from edx-app-android\OpenEdXMobile\AndroidManifest.xml:33:5-388:19
MERGED from [com.google.firebase:firebase-inappmessaging-display:17.2.0] AndroidManifest.xml:14:5-20:19
MERGED from [com.google.firebase:firebase-inappmessaging-display:17.2.0] AndroidManifest.xml:14:5-20:19
MERGED from [com.google.android.gms:play-services-cast-framework:16.2.0] AndroidManifest.xml:9:5-20:19
MERGED from [com.google.android.gms:play-services-cast-framework:16.2.0] AndroidManifest.xml:9:5-20:19
MERGED from [com.google.android.gms:play-services-cast:16.2.0] AndroidManifest.xml:22:5-20
MERGED from [com.google.android.gms:play-services-cast:16.2.0] AndroidManifest.xml:22:5-20
MERGED from [com.facebook.android:facebook-login:5.9.0] AndroidManifest.xml:28:5-29:19
MERGED from [com.facebook.android:facebook-login:5.9.0] AndroidManifest.xml:28:5-29:19
MERGED from [com.microsoft.identity.client:msal:0.3.2-alpha] AndroidManifest.xml:13:5-32:19
MERGED from [com.microsoft.identity.client:msal:0.3.2-alpha] AndroidManifest.xml:13:5-32:19
MERGED from [com.google.android.material:material:1.3.0-alpha01] AndroidManifest.xml:22:5-20
MERGED from [com.google.android.material:material:1.3.0-alpha01] AndroidManifest.xml:22:5-20
MERGED from [com.facebook.android:facebook-common:5.9.0] AndroidManifest.xml:28:5-35:19
MERGED from [com.facebook.android:facebook-common:5.9.0] AndroidManifest.xml:28:5-35:19
MERGED from [com.microsoft.identity:common:0.0.10-alpha] AndroidManifest.xml:14:5-18:19
MERGED from [com.microsoft.identity:common:0.0.10-alpha] AndroidManifest.xml:14:5-18:19
MERGED from [com.github.bumptech.glide:okhttp3-integration:4.11.0] AndroidManifest.xml:10:5-14:19
MERGED from [com.github.bumptech.glide:okhttp3-integration:4.11.0] AndroidManifest.xml:10:5-14:19
MERGED from [com.google.firebase:firebase-messaging:20.2.0] AndroidManifest.xml:22:5-43:19
MERGED from [com.google.firebase:firebase-messaging:20.2.0] AndroidManifest.xml:22:5-43:19
MERGED from [com.google.firebase:firebase-crashlytics:17.0.0] AndroidManifest.xml:12:5-20:19
MERGED from [com.google.firebase:firebase-crashlytics:17.0.0] AndroidManifest.xml:12:5-20:19
MERGED from [com.google.firebase:firebase-perf:17.0.2] AndroidManifest.xml:27:5-39:19
MERGED from [com.google.firebase:firebase-perf:17.0.2] AndroidManifest.xml:27:5-39:19
MERGED from [com.google.firebase:firebase-inappmessaging:17.2.0] AndroidManifest.xml:13:5-21:19
MERGED from [com.google.firebase:firebase-inappmessaging:17.2.0] AndroidManifest.xml:13:5-21:19
MERGED from [com.google.firebase:firebase-datatransport:17.0.3] AndroidManifest.xml:24:5-32:19
MERGED from [com.google.firebase:firebase-datatransport:17.0.3] AndroidManifest.xml:24:5-32:19
MERGED from [com.google.firebase:firebase-config:17.0.0] AndroidManifest.xml:7:5-13:19
MERGED from [com.google.firebase:firebase-config:17.0.0] AndroidManifest.xml:7:5-13:19
MERGED from [com.google.firebase:firebase-core:16.0.9] AndroidManifest.xml:7:5-20
MERGED from [com.google.firebase:firebase-core:16.0.9] AndroidManifest.xml:7:5-20
MERGED from [com.google.firebase:firebase-analytics:17.4.2] AndroidManifest.xml:7:5-20
MERGED from [com.google.firebase:firebase-analytics:17.4.2] AndroidManifest.xml:7:5-20
MERGED from [com.google.android.gms:play-services-measurement-api:17.4.2] AndroidManifest.xml:26:5-34:19
MERGED from [com.google.android.gms:play-services-measurement-api:17.4.2] AndroidManifest.xml:26:5-34:19
MERGED from [com.google.firebase:firebase-iid:20.2.0] AndroidManifest.xml:28:5-45:19
MERGED from [com.google.firebase:firebase-iid:20.2.0] AndroidManifest.xml:28:5-45:19
MERGED from [com.google.firebase:firebase-installations:16.3.1] AndroidManifest.xml:13:5-21:19
MERGED from [com.google.firebase:firebase-installations:16.3.1] AndroidManifest.xml:13:5-21:19
MERGED from [com.google.firebase:firebase-abt:17.1.1] AndroidManifest.xml:7:5-13:19
MERGED from [com.google.firebase:firebase-abt:17.1.1] AndroidManifest.xml:7:5-13:19
MERGED from [com.google.firebase:firebase-common:19.3.0] AndroidManifest.xml:25:5-37:19
MERGED from [com.google.firebase:firebase-common:19.3.0] AndroidManifest.xml:25:5-37:19
MERGED from [com.facebook.android:facebook-core:5.9.0] AndroidManifest.xml:28:5-59:19
MERGED from [com.facebook.android:facebook-core:5.9.0] AndroidManifest.xml:28:5-59:19
MERGED from [com.github.bumptech.glide:glide:4.11.0] AndroidManifest.xml:10:5-20
MERGED from [com.github.bumptech.glide:glide:4.11.0] AndroidManifest.xml:10:5-20
MERGED from [com.github.bumptech.glide:gifdecoder:4.11.0] AndroidManifest.xml:9:5-20
MERGED from [com.github.bumptech.glide:gifdecoder:4.11.0] AndroidManifest.xml:9:5-20
MERGED from [com.google.android.datatransport:transport-backend-cct:2.2.1] AndroidManifest.xml:28:5-36:19
MERGED from [com.google.android.datatransport:transport-backend-cct:2.2.1] AndroidManifest.xml:28:5-36:19
MERGED from [com.google.android.datatransport:transport-runtime:2.2.1] AndroidManifest.xml:25:5-39:19
MERGED from [com.google.android.datatransport:transport-runtime:2.2.1] AndroidManifest.xml:25:5-39:19
MERGED from [com.google.android.gms:play-services-plus:16.0.0] AndroidManifest.xml:22:5-20
MERGED from [com.google.android.gms:play-services-plus:16.0.0] AndroidManifest.xml:22:5-20
MERGED from [com.google.android.gms:play-services-analytics:16.0.8] AndroidManifest.xml:29:5-45:19
MERGED from [com.google.android.gms:play-services-analytics:16.0.8] AndroidManifest.xml:29:5-45:19
MERGED from [com.google.android.gms:play-services-auth:16.0.1] AndroidManifest.xml:22:5-37:19
MERGED from [com.google.android.gms:play-services-auth:16.0.1] AndroidManifest.xml:22:5-37:19
MERGED from [com.google.android.gms:play-services-audience:16.0.0] AndroidManifest.xml:22:5-20
MERGED from [com.google.android.gms:play-services-audience:16.0.0] AndroidManifest.xml:22:5-20
MERGED from [com.google.android.gms:play-services-tagmanager-v4-impl:16.0.8] AndroidManifest.xml:22:5-20
MERGED from [com.google.android.gms:play-services-tagmanager-v4-impl:16.0.8] AndroidManifest.xml:22:5-20
MERGED from [com.google.android.gms:play-services-analytics-impl:16.0.8] AndroidManifest.xml:29:5-20
MERGED from [com.google.android.gms:play-services-analytics-impl:16.0.8] AndroidManifest.xml:29:5-20
MERGED from [com.google.android.gms:play-services-measurement:17.4.2] AndroidManifest.xml:28:5-44:19
MERGED from [com.google.android.gms:play-services-measurement:17.4.2] AndroidManifest.xml:28:5-44:19
MERGED from [com.google.android.gms:play-services-measurement-sdk:17.4.2] AndroidManifest.xml:22:5-23:19
MERGED from [com.google.android.gms:play-services-measurement-sdk:17.4.2] AndroidManifest.xml:22:5-23:19
MERGED from [com.google.android.gms:play-services-measurement-impl:17.4.2] AndroidManifest.xml:28:5-29:19
MERGED from [com.google.android.gms:play-services-measurement-impl:17.4.2] AndroidManifest.xml:28:5-29:19
MERGED from [com.google.android.gms:play-services-stats:17.0.0] AndroidManifest.xml:7:5-20
MERGED from [com.google.android.gms:play-services-stats:17.0.0] AndroidManifest.xml:7:5-20
MERGED from [com.google.android.gms:play-services-clearcut:16.0.0] AndroidManifest.xml:22:5-20
MERGED from [com.google.android.gms:play-services-clearcut:16.0.0] AndroidManifest.xml:22:5-20
MERGED from [com.google.android.gms:play-services-phenotype:16.0.0] AndroidManifest.xml:22:5-20
MERGED from [com.google.android.gms:play-services-phenotype:16.0.0] AndroidManifest.xml:22:5-20
MERGED from [com.google.firebase:firebase-iid-interop:17.0.0] AndroidManifest.xml:7:5-8:19
MERGED from [com.google.firebase:firebase-iid-interop:17.0.0] AndroidManifest.xml:7:5-8:19
MERGED from [com.google.android.gms:play-services-base:17.0.0] AndroidManifest.xml:22:5-27:19
MERGED from [com.google.android.gms:play-services-base:17.0.0] AndroidManifest.xml:22:5-27:19
MERGED from [com.google.android.gms:play-services-tasks:17.0.0] AndroidManifest.xml:7:5-20
MERGED from [com.google.android.gms:play-services-tasks:17.0.0] AndroidManifest.xml:7:5-20
MERGED from [com.google.firebase:firebase-measurement-connector:18.0.0] AndroidManifest.xml:22:5-23:19
MERGED from [com.google.firebase:firebase-measurement-connector:18.0.0] AndroidManifest.xml:22:5-23:19
MERGED from [com.google.android.gms:play-services-measurement-base:17.4.2] AndroidManifest.xml:7:5-20
MERGED from [com.google.android.gms:play-services-measurement-base:17.4.2] AndroidManifest.xml:7:5-20
MERGED from [com.google.android.gms:play-services-ads-identifier:17.0.0] AndroidManifest.xml:22:5-20
MERGED from [com.google.android.gms:play-services-ads-identifier:17.0.0] AndroidManifest.xml:22:5-20
MERGED from [com.google.android.gms:play-services-basement:17.0.0] AndroidManifest.xml:22:5-26:19
MERGED from [com.google.android.gms:play-services-basement:17.0.0] AndroidManifest.xml:22:5-26:19
MERGED from [androidx.core:core:1.2.0] AndroidManifest.xml:24:5-89
MERGED from [androidx.core:core:1.2.0] AndroidManifest.xml:24:5-89
MERGED from [androidx.versionedparcelable:versionedparcelable:1.1.0] AndroidManifest.xml:24:5-25:19
MERGED from [androidx.versionedparcelable:versionedparcelable:1.1.0] AndroidManifest.xml:24:5-25:19
MERGED from [androidx.constraintlayout:constraintlayout:1.1.3] AndroidManifest.xml:9:5-20
MERGED from [androidx.constraintlayout:constraintlayout:1.1.3] AndroidManifest.xml:9:5-20
MERGED from [de.hdodenhof:circleimageview:2.0.0] AndroidManifest.xml:9:5-20
MERGED from [de.hdodenhof:circleimageview:2.0.0] AndroidManifest.xml:9:5-20
	android:appComponentFactory
		ADDED from [androidx.core:core:1.2.0] AndroidManifest.xml:24:18-86
	android:label
		ADDED from edx-app-android\OpenEdXMobile\AndroidManifest.xml:37:9-41
	android:supportsRtl
		INJECTED from edx-app-android\OpenEdXMobile\AndroidManifest.xml
		ADDED from edx-app-android\OpenEdXMobile\AndroidManifest.xml:39:9-45
		REJECTED from [com.facebook.android:facebook-login:5.9.0] AndroidManifest.xml:28:18-44
	android:icon
		ADDED from edx-app-android\OpenEdXMobile\AndroidManifest.xml:36:9-43
	android:allowBackup
		ADDED from edx-app-android\OpenEdXMobile\AndroidManifest.xml:35:9-35
	android:theme
		ADDED from edx-app-android\OpenEdXMobile\AndroidManifest.xml:40:9-40
	tools:replace
		ADDED from edx-app-android\OpenEdXMobile\AndroidManifest.xml:38:9-44
	android:name
		ADDED from edx-app-android\OpenEdXMobile\AndroidManifest.xml:34:9-48
data
INJECTED from edx-app-android\OpenEdXMobile\AndroidManifest.xml:92:17-95:47
INJECTED from edx-app-android\OpenEdXMobile\AndroidManifest.xml:92:17-95:47
INJECTED from edx-app-android\OpenEdXMobile\AndroidManifest.xml:326:17-67
	android:path
		INJECTED from edx-app-android\OpenEdXMobile\AndroidManifest.xml
		ADDED from edx-app-android\OpenEdXMobile\AndroidManifest.xml:94:21-58
	android:host
		INJECTED from edx-app-android\OpenEdXMobile\AndroidManifest.xml
		ADDED from edx-app-android\OpenEdXMobile\AndroidManifest.xml:53:44-63
	android:scheme
		INJECTED from edx-app-android\OpenEdXMobile\AndroidManifest.xml
		ADDED from edx-app-android\OpenEdXMobile\AndroidManifest.xml:53:23-43
receiver#org.edx.mobile.receivers.MediaStatusReceiver
INJECTED from edx-app-android\OpenEdXMobile\AndroidManifest.xml:296:9-303:20
	android:enabled
		INJECTED from edx-app-android\OpenEdXMobile\AndroidManifest.xml
		ADDED from edx-app-android\OpenEdXMobile\AndroidManifest.xml:296:65-99
	android:name
		ADDED from edx-app-android\OpenEdXMobile\AndroidManifest.xml:296:19-64
meta-data#com.facebook.sdk.ApplicationId
INJECTED from edx-app-android\OpenEdXMobile\AndroidManifest.xml:313:9-314:47
	android:value
		INJECTED from edx-app-android\OpenEdXMobile\AndroidManifest.xml
		ADDED from edx-app-android\OpenEdXMobile\AndroidManifest.xml:314:13-45
	android:name
		ADDED from edx-app-android\OpenEdXMobile\AndroidManifest.xml:313:20-65
meta-data#firebase_analytics_collection_enabled
INJECTED from edx-app-android\OpenEdXMobile\AndroidManifest.xml:336:9-337:50
	android:value
		INJECTED from edx-app-android\OpenEdXMobile\AndroidManifest.xml
		ADDED from edx-app-android\OpenEdXMobile\AndroidManifest.xml:337:13-47
	android:name
		ADDED from edx-app-android\OpenEdXMobile\AndroidManifest.xml:336:20-72
meta-data#io.branch.sdk.BranchKey
INJECTED from edx-app-android\OpenEdXMobile\AndroidManifest.xml:340:9-90
	android:value
		INJECTED from edx-app-android\OpenEdXMobile\AndroidManifest.xml
		ADDED from edx-app-android\OpenEdXMobile\AndroidManifest.xml:340:59-87
	android:name
		ADDED from edx-app-android\OpenEdXMobile\AndroidManifest.xml:340:20-58
provider#androidx.core.content.FileProvider
INJECTED from edx-app-android\OpenEdXMobile\AndroidManifest.xml:348:9-356:20
	android:grantUriPermissions
		ADDED from edx-app-android\OpenEdXMobile\AndroidManifest.xml:352:17-51
	android:authorities
		INJECTED from edx-app-android\OpenEdXMobile\AndroidManifest.xml
		ADDED from edx-app-android\OpenEdXMobile\AndroidManifest.xml:350:17-64
	android:exported
		ADDED from edx-app-android\OpenEdXMobile\AndroidManifest.xml:351:17-41
	android:name
		ADDED from edx-app-android\OpenEdXMobile\AndroidManifest.xml:349:17-66
meta-data#firebase_messaging_auto_init_enabled
INJECTED from edx-app-android\OpenEdXMobile\AndroidManifest.xml:361:9-362:45
	android:value
		INJECTED from edx-app-android\OpenEdXMobile\AndroidManifest.xml
		ADDED from edx-app-android\OpenEdXMobile\AndroidManifest.xml:362:13-42
	android:name
		ADDED from edx-app-android\OpenEdXMobile\AndroidManifest.xml:361:20-71
service#org.edx.mobile.notifications.services.NotificationService
INJECTED from edx-app-android\OpenEdXMobile\AndroidManifest.xml:363:9-369:19
	android:enabled
		INJECTED from edx-app-android\OpenEdXMobile\AndroidManifest.xml
		ADDED from edx-app-android\OpenEdXMobile\AndroidManifest.xml:365:13-44
	android:name
		ADDED from edx-app-android\OpenEdXMobile\AndroidManifest.xml:364:13-85
manifest
ADDED from edx-app-android\OpenEdXMobile\AndroidManifest.xml:2:1-390:12
INJECTED from edx-app-android\OpenEdXMobile\AndroidManifest.xml:2:1-390:12
INJECTED from edx-app-android\OpenEdXMobile\AndroidManifest.xml:2:1-390:12
INJECTED from edx-app-android\OpenEdXMobile\AndroidManifest.xml:2:1-390:12
MERGED from [androidx.databinding:databinding-adapters:3.3.2] AndroidManifest.xml:17:1-24:12
MERGED from [androidx.databinding:databinding-runtime:3.3.2] AndroidManifest.xml:17:1-24:12
MERGED from [:android-iconify-fontawesome] AndroidManifest.xml:2:1-7:12
MERGED from [:android-iconify] AndroidManifest.xml:2:1-7:12
MERGED from [com.google.firebase:firebase-inappmessaging-display:17.2.0] AndroidManifest.xml:2:1-22:12
MERGED from [com.google.android.gms:play-services-cast-framework:16.2.0] AndroidManifest.xml:2:1-22:12
MERGED from [com.google.android.gms:play-services-cast:16.2.0] AndroidManifest.xml:17:1-24:12
MERGED from [androidx.mediarouter:mediarouter:1.0.0] AndroidManifest.xml:17:1-22:12
MERGED from [com.facebook.android:facebook-login:5.9.0] AndroidManifest.xml:21:1-31:12
MERGED from [com.microsoft.identity.client:msal:0.3.2-alpha] AndroidManifest.xml:2:1-34:12
MERGED from [com.google.android.material:material:1.3.0-alpha01] AndroidManifest.xml:17:1-24:12
MERGED from [com.google.dagger:dagger-android-support:2.13] AndroidManifest.xml:16:1-19:12
MERGED from [com.facebook.android:facebook-common:5.9.0] AndroidManifest.xml:21:1-37:12
MERGED from [com.microsoft.identity:common:0.0.10-alpha] AndroidManifest.xml:2:1-20:12
MERGED from [androidx.appcompat:appcompat:1.1.0] AndroidManifest.xml:17:1-24:12
MERGED from [androidx.viewpager2:viewpager2:1.0.0] AndroidManifest.xml:17:1-24:12
MERGED from [androidx.recyclerview:recyclerview:1.1.0] AndroidManifest.xml:17:1-24:12
MERGED from [androidx.cardview:cardview:1.0.0] AndroidManifest.xml:17:1-22:12
MERGED from [com.github.bumptech.glide:okhttp3-integration:4.11.0] AndroidManifest.xml:2:1-16:12
MERGED from [com.segment.analytics.android.integrations:firebase:1.2.0] AndroidManifest.xml:2:1-14:12
MERGED from [io.branch.sdk.android:library:2.19.2] AndroidManifest.xml:2:1-11:12
MERGED from [androidx.browser:browser:1.0.0] AndroidManifest.xml:17:1-22:12
MERGED from [androidx.legacy:legacy-support-v4:1.0.0] AndroidManifest.xml:17:1-22:12
MERGED from [androidx.legacy:legacy-support-core-ui:1.0.0] AndroidManifest.xml:17:1-22:12
MERGED from [com.google.firebase:firebase-messaging:20.2.0] AndroidManifest.xml:17:1-45:12
MERGED from [com.google.firebase:firebase-crashlytics:17.0.0] AndroidManifest.xml:2:1-22:12
MERGED from [com.google.firebase:firebase-perf:17.0.2] AndroidManifest.xml:17:1-41:12
MERGED from [com.google.firebase:firebase-inappmessaging:17.2.0] AndroidManifest.xml:2:1-23:12
MERGED from [com.google.firebase:firebase-datatransport:17.0.3] AndroidManifest.xml:15:1-34:12
MERGED from [com.google.firebase:firebase-config:17.0.0] AndroidManifest.xml:2:1-15:12
MERGED from [com.google.firebase:firebase-core:16.0.9] AndroidManifest.xml:2:1-9:12
MERGED from [com.google.firebase:firebase-analytics:17.4.2] AndroidManifest.xml:2:1-9:12
MERGED from [com.google.android.gms:play-services-measurement-api:17.4.2] AndroidManifest.xml:17:1-36:12
MERGED from [com.google.firebase:firebase-iid:20.2.0] AndroidManifest.xml:17:1-47:12
MERGED from [com.google.firebase:firebase-installations:16.3.1] AndroidManifest.xml:2:1-23:12
MERGED from [com.google.firebase:firebase-abt:17.1.1] AndroidManifest.xml:2:1-15:12
MERGED from [com.google.firebase:firebase-common:19.3.0] AndroidManifest.xml:15:1-39:12
MERGED from [com.google.firebase:firebase-components:16.0.0] AndroidManifest.xml:15:1-23:12
MERGED from [com.google.android.exoplayer:exoplayer:2.9.2] AndroidManifest.xml:17:1-24:12
MERGED from [com.google.android.exoplayer:exoplayer-dash:2.9.2] AndroidManifest.xml:17:1-24:12
MERGED from [com.google.android.exoplayer:exoplayer-hls:2.9.2] AndroidManifest.xml:17:1-24:12
MERGED from [com.google.android.exoplayer:exoplayer-smoothstreaming:2.9.2] AndroidManifest.xml:17:1-24:12
MERGED from [com.google.android.exoplayer:exoplayer-ui:2.9.2] AndroidManifest.xml:17:1-24:12
MERGED from [com.google.android.exoplayer:exoplayer-core:2.9.2] AndroidManifest.xml:17:1-26:12
MERGED from [androidx.media:media:1.0.0] AndroidManifest.xml:17:1-22:12
MERGED from [com.facebook.android:facebook-core:5.9.0] AndroidManifest.xml:21:1-61:12
MERGED from [com.github.bumptech.glide:glide:4.11.0] AndroidManifest.xml:2:1-12:12
MERGED from [com.github.bumptech.glide:gifdecoder:4.11.0] AndroidManifest.xml:2:1-11:12
MERGED from [androidx.exifinterface:exifinterface:1.0.0] AndroidManifest.xml:17:1-22:12
MERGED from [com.google.android.datatransport:transport-backend-cct:2.2.1] AndroidManifest.xml:15:1-38:12
MERGED from [com.google.android.datatransport:transport-runtime:2.2.1] AndroidManifest.xml:15:1-41:12
MERGED from [com.google.firebase:firebase-encoders-json:16.1.0] AndroidManifest.xml:15:1-23:12
MERGED from [com.google.android.gms:play-services-plus:16.0.0] AndroidManifest.xml:17:1-24:12
MERGED from [com.google.android.gms:play-services-analytics:16.0.8] AndroidManifest.xml:17:1-47:12
MERGED from [com.google.android.gms:play-services-auth:16.0.1] AndroidManifest.xml:17:1-39:12
MERGED from [com.google.android.gms:play-services-audience:16.0.0] AndroidManifest.xml:17:1-24:12
MERGED from [com.google.android.gms:play-services-tagmanager-v4-impl:16.0.8] AndroidManifest.xml:17:1-24:12
MERGED from [com.google.android.gms:play-services-analytics-impl:16.0.8] AndroidManifest.xml:17:1-31:12
MERGED from [com.google.android.gms:play-services-auth-api-phone:16.0.0] AndroidManifest.xml:2:1-7:12
MERGED from [com.google.android.gms:play-services-auth-base:16.0.0] AndroidManifest.xml:2:1-7:12
MERGED from [com.google.android.gms:play-services-measurement:17.4.2] AndroidManifest.xml:17:1-46:12
MERGED from [com.google.android.gms:play-services-measurement-sdk:17.4.2] AndroidManifest.xml:17:1-25:12
MERGED from [com.google.android.gms:play-services-measurement-impl:17.4.2] AndroidManifest.xml:17:1-31:12
MERGED from [com.google.android.gms:play-services-stats:17.0.0] AndroidManifest.xml:2:1-9:12
MERGED from [com.google.firebase:firebase-installations-interop:16.0.0] AndroidManifest.xml:15:1-23:12
MERGED from [com.google.android.gms:play-services-clearcut:16.0.0] AndroidManifest.xml:17:1-24:12
MERGED from [com.google.android.gms:play-services-phenotype:16.0.0] AndroidManifest.xml:17:1-24:12
MERGED from [com.google.firebase:firebase-iid-interop:17.0.0] AndroidManifest.xml:2:1-10:12
MERGED from [com.google.android.gms:play-services-flags:16.0.1] AndroidManifest.xml:17:1-22:12
MERGED from [com.google.android.gms:play-services-base:17.0.0] AndroidManifest.xml:17:1-29:12
MERGED from [com.google.android.gms:play-services-tasks:17.0.0] AndroidManifest.xml:2:1-9:12
MERGED from [com.google.firebase:firebase-measurement-connector:18.0.0] AndroidManifest.xml:17:1-25:12
MERGED from [com.google.android.gms:play-services-measurement-sdk-api:17.4.2] AndroidManifest.xml:17:1-27:12
MERGED from [com.google.android.gms:play-services-measurement-base:17.4.2] AndroidManifest.xml:2:1-9:12
MERGED from [com.google.android.gms:play-services-ads-identifier:17.0.0] AndroidManifest.xml:17:1-24:12
MERGED from [com.google.android.gms:play-services-basement:17.0.0] AndroidManifest.xml:17:1-28:12
MERGED from [androidx.fragment:fragment:1.1.0] AndroidManifest.xml:17:1-24:12
MERGED from [androidx.palette:palette:1.0.0] AndroidManifest.xml:17:1-22:12
MERGED from [androidx.coordinatorlayout:coordinatorlayout:1.1.0] AndroidManifest.xml:17:1-24:12
MERGED from [androidx.dynamicanimation:dynamicanimation:1.0.0] AndroidManifest.xml:17:1-22:12
MERGED from [androidx.transition:transition:1.2.0] AndroidManifest.xml:17:1-24:12
MERGED from [androidx.appcompat:appcompat-resources:1.1.0] AndroidManifest.xml:17:1-24:12
MERGED from [androidx.vectordrawable:vectordrawable-animated:1.1.0] AndroidManifest.xml:17:1-24:12
MERGED from [androidx.vectordrawable:vectordrawable:1.1.0] AndroidManifest.xml:17:1-24:12
MERGED from [androidx.legacy:legacy-support-core-utils:1.0.0] AndroidManifest.xml:17:1-22:12
MERGED from [androidx.viewpager:viewpager:1.0.0] AndroidManifest.xml:17:1-22:12
MERGED from [androidx.drawerlayout:drawerlayout:1.0.0] AndroidManifest.xml:17:1-22:12
MERGED from [androidx.slidingpanelayout:slidingpanelayout:1.0.0] AndroidManifest.xml:17:1-22:12
MERGED from [androidx.customview:customview:1.0.0] AndroidManifest.xml:17:1-22:12
MERGED from [androidx.swiperefreshlayout:swiperefreshlayout:1.0.0] AndroidManifest.xml:17:1-22:12
MERGED from [androidx.asynclayoutinflater:asynclayoutinflater:1.0.0] AndroidManifest.xml:17:1-22:12
MERGED from [androidx.loader:loader:1.0.0] AndroidManifest.xml:17:1-22:12
MERGED from [androidx.activity:activity:1.0.0] AndroidManifest.xml:17:1-24:12
MERGED from [androidx.core:core:1.2.0] AndroidManifest.xml:17:1-26:12
MERGED from [androidx.versionedparcelable:versionedparcelable:1.1.0] AndroidManifest.xml:17:1-27:12
MERGED from [androidx.interpolator:interpolator:1.0.0] AndroidManifest.xml:17:1-22:12
MERGED from [androidx.cursoradapter:cursoradapter:1.0.0] AndroidManifest.xml:17:1-22:12
MERGED from [com.google.dagger:dagger-android:2.13] AndroidManifest.xml:16:1-19:12
MERGED from [androidx.documentfile:documentfile:1.0.0] AndroidManifest.xml:17:1-22:12
MERGED from [androidx.localbroadcastmanager:localbroadcastmanager:1.0.0] AndroidManifest.xml:17:1-22:12
MERGED from [androidx.print:print:1.0.0] AndroidManifest.xml:17:1-22:12
MERGED from [androidx.lifecycle:lifecycle-runtime:2.1.0] AndroidManifest.xml:17:1-22:12
MERGED from [androidx.lifecycle:lifecycle-viewmodel:2.1.0] AndroidManifest.xml:17:1-22:12
MERGED from [androidx.savedstate:savedstate:1.0.0] AndroidManifest.xml:17:1-24:12
MERGED from [androidx.lifecycle:lifecycle-livedata:2.0.0] AndroidManifest.xml:17:1-22:12
MERGED from [androidx.lifecycle:lifecycle-livedata-core:2.0.0] AndroidManifest.xml:17:1-22:12
MERGED from [androidx.arch.core:core-runtime:2.0.0] AndroidManifest.xml:17:1-22:12
MERGED from [androidx.multidex:multidex:2.0.0] AndroidManifest.xml:17:1-22:12
MERGED from [androidx.constraintlayout:constraintlayout:1.1.3] AndroidManifest.xml:2:1-11:12
MERGED from [de.hdodenhof:circleimageview:2.0.0] AndroidManifest.xml:2:1-11:12
MERGED from [com.segment.analytics.android.integrations:google-analytics:1.0.0] AndroidManifest.xml:2:1-10:12
MERGED from [com.google.android.datatransport:transport-api:2.2.0] AndroidManifest.xml:15:1-22:12
MERGED from [androidx.annotation:annotation-experimental:1.0.0] AndroidManifest.xml:17:1-24:12
MERGED from [com.google.firebase:protolite-well-known-types:16.0.1] AndroidManifest.xml:2:1-11:12
MERGED from [io.reactivex.rxjava2:rxandroid:2.0.2] AndroidManifest.xml:15:1-21:12
INJECTED from edx-app-android\OpenEdXMobile\AndroidManifest.xml:2:1-390:12
INJECTED from edx-app-android\OpenEdXMobile\AndroidManifest.xml:2:1-390:12
INJECTED from edx-app-android\OpenEdXMobile\AndroidManifest.xml:2:1-390:12
	package
		ADDED from edx-app-android\OpenEdXMobile\AndroidManifest.xml:4:5-29
		INJECTED from edx-app-android\OpenEdXMobile\AndroidManifest.xml
		INJECTED from edx-app-android\OpenEdXMobile\AndroidManifest.xml
	android:versionName
		INJECTED from edx-app-android\OpenEdXMobile\AndroidManifest.xml
		ADDED from edx-app-android\OpenEdXMobile\AndroidManifest.xml:2:1-390:12
		INJECTED from edx-app-android\OpenEdXMobile\AndroidManifest.xml
	xmlns:tools
		ADDED from edx-app-android\OpenEdXMobile\AndroidManifest.xml:3:5-51
	android:versionCode
		INJECTED from edx-app-android\OpenEdXMobile\AndroidManifest.xml
		ADDED from edx-app-android\OpenEdXMobile\AndroidManifest.xml:2:1-390:12
		INJECTED from edx-app-android\OpenEdXMobile\AndroidManifest.xml
	xmlns:android
		ADDED from edx-app-android\OpenEdXMobile\AndroidManifest.xml:2:11-69
	android:installLocation
		ADDED from edx-app-android\OpenEdXMobile\AndroidManifest.xml:5:5-35
uses-permission#android.permission.INTERNET
ADDED from edx-app-android\OpenEdXMobile\AndroidManifest.xml:10:5-67
MERGED from [com.google.firebase:firebase-inappmessaging-display:17.2.0] AndroidManifest.xml:12:5-67
MERGED from [com.google.firebase:firebase-inappmessaging-display:17.2.0] AndroidManifest.xml:12:5-67
MERGED from [com.microsoft.identity.client:msal:0.3.2-alpha] AndroidManifest.xml:10:5-67
MERGED from [com.microsoft.identity.client:msal:0.3.2-alpha] AndroidManifest.xml:10:5-67
MERGED from [com.microsoft.identity:common:0.0.10-alpha] AndroidManifest.xml:11:5-67
MERGED from [com.microsoft.identity:common:0.0.10-alpha] AndroidManifest.xml:11:5-67
MERGED from [com.segment.analytics.android.integrations:firebase:1.2.0] AndroidManifest.xml:10:5-67
MERGED from [com.segment.analytics.android.integrations:firebase:1.2.0] AndroidManifest.xml:10:5-67
MERGED from [com.google.firebase:firebase-crashlytics:17.0.0] AndroidManifest.xml:10:5-67
MERGED from [com.google.firebase:firebase-crashlytics:17.0.0] AndroidManifest.xml:10:5-67
MERGED from [com.google.firebase:firebase-perf:17.0.2] AndroidManifest.xml:22:5-67
MERGED from [com.google.firebase:firebase-perf:17.0.2] AndroidManifest.xml:22:5-67
MERGED from [com.google.firebase:firebase-inappmessaging:17.2.0] AndroidManifest.xml:11:5-67
MERGED from [com.google.firebase:firebase-inappmessaging:17.2.0] AndroidManifest.xml:11:5-67
MERGED from [com.google.android.gms:play-services-measurement-api:17.4.2] AndroidManifest.xml:22:5-67
MERGED from [com.google.android.gms:play-services-measurement-api:17.4.2] AndroidManifest.xml:22:5-67
MERGED from [com.google.firebase:firebase-iid:20.2.0] AndroidManifest.xml:23:5-67
MERGED from [com.google.firebase:firebase-iid:20.2.0] AndroidManifest.xml:23:5-67
MERGED from [com.google.firebase:firebase-installations:16.3.1] AndroidManifest.xml:11:5-67
MERGED from [com.google.firebase:firebase-installations:16.3.1] AndroidManifest.xml:11:5-67
MERGED from [com.google.android.datatransport:transport-backend-cct:2.2.1] AndroidManifest.xml:26:5-67
MERGED from [com.google.android.datatransport:transport-backend-cct:2.2.1] AndroidManifest.xml:26:5-67
MERGED from [com.google.android.gms:play-services-analytics:16.0.8] AndroidManifest.xml:23:5-67
MERGED from [com.google.android.gms:play-services-analytics:16.0.8] AndroidManifest.xml:23:5-67
MERGED from [com.google.android.gms:play-services-analytics-impl:16.0.8] AndroidManifest.xml:23:5-67
MERGED from [com.google.android.gms:play-services-analytics-impl:16.0.8] AndroidManifest.xml:23:5-67
MERGED from [com.google.android.gms:play-services-measurement:17.4.2] AndroidManifest.xml:23:5-67
MERGED from [com.google.android.gms:play-services-measurement:17.4.2] AndroidManifest.xml:23:5-67
MERGED from [com.google.android.gms:play-services-measurement-impl:17.4.2] AndroidManifest.xml:23:5-67
MERGED from [com.google.android.gms:play-services-measurement-impl:17.4.2] AndroidManifest.xml:23:5-67
MERGED from [com.google.android.gms:play-services-measurement-sdk-api:17.4.2] AndroidManifest.xml:23:5-67
MERGED from [com.google.android.gms:play-services-measurement-sdk-api:17.4.2] AndroidManifest.xml:23:5-67
	android:name
		ADDED from edx-app-android\OpenEdXMobile\AndroidManifest.xml:10:22-64
uses-permission#android.permission.ACCESS_NETWORK_STATE
ADDED from edx-app-android\OpenEdXMobile\AndroidManifest.xml:13:5-79
MERGED from [com.google.firebase:firebase-inappmessaging-display:17.2.0] AndroidManifest.xml:11:5-79
MERGED from [com.google.firebase:firebase-inappmessaging-display:17.2.0] AndroidManifest.xml:11:5-79
MERGED from [com.microsoft.identity.client:msal:0.3.2-alpha] AndroidManifest.xml:11:5-79
MERGED from [com.microsoft.identity.client:msal:0.3.2-alpha] AndroidManifest.xml:11:5-79
MERGED from [com.microsoft.identity:common:0.0.10-alpha] AndroidManifest.xml:12:5-79
MERGED from [com.microsoft.identity:common:0.0.10-alpha] AndroidManifest.xml:12:5-79
MERGED from [com.segment.analytics.android.integrations:firebase:1.2.0] AndroidManifest.xml:11:5-79
MERGED from [com.segment.analytics.android.integrations:firebase:1.2.0] AndroidManifest.xml:11:5-79
MERGED from [com.google.firebase:firebase-inappmessaging:17.2.0] AndroidManifest.xml:10:5-79